<?xml version="1.0" encoding="UTF-8"?>
<!-- Generated by org.testng.reporters.JUnitReportReporter -->
<testsuite hostname="LTIN274991" failures="0" tests="14" name="TestCases.TC_003_FormFilling" time="12.595" errors="0" timestamp="2024-02-27T22:45:20 IST" skipped="0">
  <testcase classname="TestCases.TC_003_FormFilling" name="givefirstName" time="5.504"/>
  <testcase classname="TestCases.TC_003_FormFilling" name="givelastName" time="0.367"/>
  <testcase classname="TestCases.TC_003_FormFilling" name="giveEmail" time="0.338"/>
  <testcase classname="TestCases.TC_003_FormFilling" name="givePhoneNumber" time="0.283"/>
  <testcase classname="TestCases.TC_003_FormFilling" name="SelectInstituteType" time="0.810"/>
  <testcase classname="TestCases.TC_003_FormFilling" name="giveInstituteName" time="0.245"/>
  <testcase classname="TestCases.TC_003_FormFilling" name="SelectJobRole" time="0.668"/>
  <testcase classname="TestCases.TC_003_FormFilling" name="SelectDepartment" time="0.627"/>
  <testcase classname="TestCases.TC_003_FormFilling" name="SelectNeed" time="1.384"/>
  <testcase classname="TestCases.TC_003_FormFilling" name="SelectNoofLearners" time="0.330"/>
  <testcase classname="TestCases.TC_003_FormFilling" name="SelectCountry" time="0.382"/>
  <testcase classname="TestCases.TC_003_FormFilling" name="SelectState" time="0.325"/>
  <testcase classname="TestCases.TC_003_FormFilling" name="ClickSubmitBtn" time="0.316"/>
  <testcase classname="TestCases.TC_003_FormFilling" name="getErrorMsg" time="1.016"/>
</testsuite> <!-- TestCases.TC_003_FormFilling -->
