<?xml version="1.0" encoding="UTF-8"?>
<!-- Generated by org.testng.reporters.JUnitReportReporter -->
<testsuite hostname="LTIN274991" failures="0" tests="15" name="TestCases.TC03_FormFilling" time="28.183" errors="0" timestamp="2024-03-03T19:48:37 IST" skipped="0">
  <testcase classname="TestCases.TC03_FormFilling" name="forcampus" time="15.063"/>
  <testcase classname="TestCases.TC03_FormFilling" name="givefirstName" time="5.589"/>
  <testcase classname="TestCases.TC03_FormFilling" name="givelastName" time="0.626"/>
  <testcase classname="TestCases.TC03_FormFilling" name="giveEmail" time="0.542"/>
  <testcase classname="TestCases.TC03_FormFilling" name="givePhoneNumber" time="0.376"/>
  <testcase classname="TestCases.TC03_FormFilling" name="SelectInstituteType" time="0.799"/>
  <testcase classname="TestCases.TC03_FormFilling" name="giveInstituteName" time="0.412"/>
  <testcase classname="TestCases.TC03_FormFilling" name="SelectJobRole" time="0.653"/>
  <testcase classname="TestCases.TC03_FormFilling" name="SelectDepartment" time="0.801"/>
  <testcase classname="TestCases.TC03_FormFilling" name="SelectNeed" time="1.494"/>
  <testcase classname="TestCases.TC03_FormFilling" name="SelectNoofLearners" time="0.527"/>
  <testcase classname="TestCases.TC03_FormFilling" name="SelectCountry" time="0.412"/>
  <testcase classname="TestCases.TC03_FormFilling" name="SelectState" time="0.456"/>
  <testcase classname="TestCases.TC03_FormFilling" name="ClickSubmitBtn" time="0.290"/>
  <testcase classname="TestCases.TC03_FormFilling" name="getErrorMsg" time="0.143"/>
</testsuite> <!-- TestCases.TC03_FormFilling -->
