<?xml version="1.0" encoding="UTF-8"?>
<!-- Generated by org.testng.reporters.JUnitReportReporter -->
<testsuite hostname="LTIN274991" failures="0" tests="5" name="TestCases.TC01_SearchCourse" time="65.154" errors="0" timestamp="2024-03-03T19:48:37 IST" skipped="0">
  <testcase classname="TestCases.TC01_SearchCourse" name="search" time="18.590"/>
  <testcase classname="TestCases.TC01_SearchCourse" name="selectLang" time="12.408"/>
  <testcase classname="TestCases.TC01_SearchCourse" name="selectLevel" time="5.189"/>
  <testcase classname="TestCases.TC01_SearchCourse" name="courseTitleandRating" time="25.565"/>
  <testcase classname="TestCases.TC01_SearchCourse" name="Excelwrite" time="3.402"/>
</testsuite> <!-- TestCases.TC01_SearchCourse -->
