<?xml version="1.0" encoding="UTF-8"?>
<!-- Generated by org.testng.reporters.JUnitReportReporter -->
<testsuite hostname="LTIN274991" failures="0" tests="4" name="TestCases.TC_001_SearchCourse" time="59.108" errors="0" timestamp="2024-02-27T22:45:20 IST" skipped="0">
  <testcase classname="TestCases.TC_001_SearchCourse" name="search" time="29.192"/>
  <testcase classname="TestCases.TC_001_SearchCourse" name="selectLang" time="6.417"/>
  <testcase classname="TestCases.TC_001_SearchCourse" name="selectLevel" time="1.902"/>
  <testcase classname="TestCases.TC_001_SearchCourse" name="courseTitleandRating" time="21.597"/>
</testsuite> <!-- TestCases.TC_001_SearchCourse -->
