<?xml version="1.0" encoding="UTF-8"?>
<!-- Generated by org.testng.reporters.JUnitReportReporter -->
<testsuite hostname="LTIN274991" failures="0" tests="1" name="TestCases.TC02_FormFilling" time="9.198" errors="0" timestamp="2024-02-27T22:01:52 IST" skipped="0">
  <testcase classname="TestCases.TC02_FormFilling" name="formFilling" time="9.198"/>
</testsuite> <!-- TestCases.TC02_FormFilling -->
