<?xml version="1.0" encoding="UTF-8"?>
<!-- Generated by org.testng.reporters.JUnitReportReporter -->
<testsuite hostname="LTIN274991" failures="0" tests="15" name="TestCases.TC03_FormFilling" time="23.534" errors="0" timestamp="2024-03-03T20:20:09 IST" skipped="0">
  <testcase classname="TestCases.TC03_FormFilling" name="givefirstName" time="5.277"/>
  <testcase classname="TestCases.TC03_FormFilling" name="forcampus" time="13.198"/>
  <testcase classname="TestCases.TC03_FormFilling" name="givelastName" time="0.226"/>
  <testcase classname="TestCases.TC03_FormFilling" name="giveEmail" time="0.214"/>
  <testcase classname="TestCases.TC03_FormFilling" name="givePhoneNumber" time="0.180"/>
  <testcase classname="TestCases.TC03_FormFilling" name="SelectInstituteType" time="0.486"/>
  <testcase classname="TestCases.TC03_FormFilling" name="giveInstituteName" time="0.221"/>
  <testcase classname="TestCases.TC03_FormFilling" name="SelectJobRole" time="0.505"/>
  <testcase classname="TestCases.TC03_FormFilling" name="SelectDepartment" time="0.434"/>
  <testcase classname="TestCases.TC03_FormFilling" name="SelectNeed" time="1.352"/>
  <testcase classname="TestCases.TC03_FormFilling" name="SelectNoofLearners" time="0.553"/>
  <testcase classname="TestCases.TC03_FormFilling" name="SelectCountry" time="0.348"/>
  <testcase classname="TestCases.TC03_FormFilling" name="SelectState" time="0.297"/>
  <testcase classname="TestCases.TC03_FormFilling" name="ClickSubmitBtn" time="0.144"/>
  <testcase classname="TestCases.TC03_FormFilling" name="getErrorMsg" time="0.099"/>
</testsuite> <!-- TestCases.TC03_FormFilling -->
