<?xml version="1.0" encoding="UTF-8"?>
<!-- Generated by org.testng.reporters.JUnitReportReporter -->
<testsuite hostname="LTIN274991" failures="0" tests="5" name="TestCases.TC01_SearchCourse" time="50.430" errors="0" timestamp="2024-03-03T20:20:09 IST" skipped="0">
  <testcase classname="TestCases.TC01_SearchCourse" name="search" time="15.126"/>
  <testcase classname="TestCases.TC01_SearchCourse" name="selectLang" time="10.117"/>
  <testcase classname="TestCases.TC01_SearchCourse" name="selectLevel" time="2.709"/>
  <testcase classname="TestCases.TC01_SearchCourse" name="courseTitleandRating" time="19.729"/>
  <testcase classname="TestCases.TC01_SearchCourse" name="Excelwrite" time="2.749"/>
</testsuite> <!-- TestCases.TC01_SearchCourse -->
